outputs/logs/manifest-merger-defaultFlavor-release-report.txt
-- Merging decision tree log ---
manifest
ADDED from src\main\AndroidManifest.xml:21:1-297:12
	package
		ADDED from src\main\AndroidManifest.xml:23:5-33
	android:versionName
		ADDED from src\main\AndroidManifest.xml:25:5-30
		INJECTED from src\main\AndroidManifest.xml
		INJECTED from src\main\AndroidManifest.xml
	xmlns:tools
		ADDED from src\main\AndroidManifest.xml:22:5-51
	android:versionCode
		ADDED from src\main\AndroidManifest.xml:24:5-29
		INJECTED from src\main\AndroidManifest.xml
		INJECTED from src\main\AndroidManifest.xml
	xmlns:android
		ADDED from src\main\AndroidManifest.xml:21:11-69
uses-permission#android.permission.VIBRATE
ADDED from src\main\AndroidManifest.xml:27:5-66
	android:name
		ADDED from src\main\AndroidManifest.xml:27:22-63
uses-permission#android.permission.INTERNET
ADDED from src\main\AndroidManifest.xml:28:5-67
MERGED from [com.google.android.gms:play-services-ads:8.4.0] AndroidManifest.xml:20:5-66
	android:name
		ADDED from src\main\AndroidManifest.xml:28:22-64
uses-permission#android.permission.WAKE_LOCK
ADDED from src\main\AndroidManifest.xml:29:5-68
	android:name
		ADDED from src\main\AndroidManifest.xml:29:22-65
uses-permission#android.permission.ACCESS_NETWORK_STATE
ADDED from src\main\AndroidManifest.xml:30:5-79
MERGED from [com.google.android.gms:play-services-ads:8.4.0] AndroidManifest.xml:21:5-78
	android:name
		ADDED from src\main\AndroidManifest.xml:30:22-76
uses-permission#android.permission.RECEIVE_BOOT_COMPLETED
ADDED from src\main\AndroidManifest.xml:31:5-81
	android:name
		ADDED from src\main\AndroidManifest.xml:31:22-78
uses-permission#android.permission.MEDIA_CONTENT_CONTROL
ADDED from src\main\AndroidManifest.xml:32:5-80
	android:name
		ADDED from src\main\AndroidManifest.xml:32:22-77
uses-permission#android.permission.SYSTEM_ALERT_WINDOW
ADDED from src\main\AndroidManifest.xml:33:5-78
	android:name
		ADDED from src\main\AndroidManifest.xml:33:22-75
uses-permission#android.permission.DISABLE_KEYGUARD
ADDED from src\main\AndroidManifest.xml:34:5-75
	android:name
		ADDED from src\main\AndroidManifest.xml:34:22-72
uses-permission#android.permission.READ_PHONE_STATE
ADDED from src\main\AndroidManifest.xml:35:5-75
	android:name
		ADDED from src\main\AndroidManifest.xml:35:22-72
uses-permission#android.permission.WRITE_EXTERNAL_STORAGE
ADDED from src\main\AndroidManifest.xml:36:5-81
	android:name
		ADDED from src\main\AndroidManifest.xml:36:22-78
uses-permission#android.permission.PREVENT_POWER_KEY
ADDED from src\main\AndroidManifest.xml:37:5-76
	android:name
		ADDED from src\main\AndroidManifest.xml:37:22-73
uses-permission#android.permission.GET_TASKS
ADDED from src\main\AndroidManifest.xml:41:5-68
	android:name
		ADDED from src\main\AndroidManifest.xml:41:22-65
uses-permission#android.permission.PACKAGE_USAGE_STATS
ADDED from src\main\AndroidManifest.xml:42:5-44:47
	tools:ignore
		ADDED from src\main\AndroidManifest.xml:44:9-44
	android:name
		ADDED from src\main\AndroidManifest.xml:43:9-62
uses-permission#android.permission.WRITE_SETTINGS
ADDED from src\main\AndroidManifest.xml:47:5-73
	android:name
		ADDED from src\main\AndroidManifest.xml:47:22-70
permission#android.permission.STATUS_BAR_SERVICE
ADDED from src\main\AndroidManifest.xml:50:5-72
	android:name
		ADDED from src\main\AndroidManifest.xml:50:17-69
uses-permission#android.permission.BIND_ACCESSIBILITY_SERVICE
ADDED from src\main\AndroidManifest.xml:51:5-85
	android:name
		ADDED from src\main\AndroidManifest.xml:51:22-82
uses-permission#com.android.vending.BILLING
ADDED from src\main\AndroidManifest.xml:54:5-67
MERGED from [org.solovyev.android:checkout:0.7.5] AndroidManifest.xml:32:5-67
	android:name
		ADDED from src\main\AndroidManifest.xml:54:22-64
application
ADDED from src\main\AndroidManifest.xml:56:5-295:19
MERGED from [com.android.support:support-v4:24.0.0] AndroidManifest.xml:25:5-20
MERGED from [com.android.support:appcompat-v7:24.0.0] AndroidManifest.xml:25:5-20
MERGED from [com.android.support:support-v4:24.0.0] AndroidManifest.xml:25:5-20
MERGED from [com.android.support:support-vector-drawable:24.0.0] AndroidManifest.xml:23:5-20
MERGED from [com.android.support:support-v4:24.0.0] AndroidManifest.xml:25:5-20
MERGED from [com.android.support:animated-vector-drawable:24.0.0] AndroidManifest.xml:22:5-20
MERGED from [com.android.support:support-vector-drawable:24.0.0] AndroidManifest.xml:23:5-20
MERGED from [com.android.support:support-v4:24.0.0] AndroidManifest.xml:25:5-20
MERGED from [com.melnykov:floatingactionbutton:1.3.0] AndroidManifest.xml:12:5-20
MERGED from [com.android.support:support-v4:24.0.0] AndroidManifest.xml:25:5-20
MERGED from [com.google.android.gms:play-services-ads:8.4.0] AndroidManifest.xml:24:5-32:19
MERGED from [com.google.android.gms:play-services-basement:8.4.0] AndroidManifest.xml:20:5-24:19
MERGED from [com.android.support:support-v4:24.0.0] AndroidManifest.xml:25:5-20
MERGED from [org.solovyev.android:checkout:0.7.5] AndroidManifest.xml:34:5-47
MERGED from [com.github.afollestad.material-dialogs:core:0.8.6.0] AndroidManifest.xml:13:5-20
MERGED from [com.android.support:appcompat-v7:24.0.0] AndroidManifest.xml:25:5-20
MERGED from [com.android.support:support-v4:24.0.0] AndroidManifest.xml:25:5-20
MERGED from [com.android.support:support-vector-drawable:24.0.0] AndroidManifest.xml:23:5-20
MERGED from [com.android.support:support-v4:24.0.0] AndroidManifest.xml:25:5-20
MERGED from [com.android.support:animated-vector-drawable:24.0.0] AndroidManifest.xml:22:5-20
MERGED from [com.android.support:support-vector-drawable:24.0.0] AndroidManifest.xml:23:5-20
MERGED from [com.android.support:support-v4:24.0.0] AndroidManifest.xml:25:5-20
MERGED from [com.android.support:support-v4:24.0.0] AndroidManifest.xml:25:5-20
MERGED from [com.android.support:appcompat-v7:24.0.0] AndroidManifest.xml:25:5-20
MERGED from [com.android.support:support-v4:24.0.0] AndroidManifest.xml:25:5-20
MERGED from [com.android.support:support-vector-drawable:24.0.0] AndroidManifest.xml:23:5-20
MERGED from [com.android.support:support-v4:24.0.0] AndroidManifest.xml:25:5-20
MERGED from [com.android.support:animated-vector-drawable:24.0.0] AndroidManifest.xml:22:5-20
MERGED from [com.android.support:support-vector-drawable:24.0.0] AndroidManifest.xml:23:5-20
MERGED from [com.android.support:support-v4:24.0.0] AndroidManifest.xml:25:5-20
MERGED from [com.android.support:support-v4:24.0.0] AndroidManifest.xml:25:5-20
MERGED from [com.github.afollestad.material-dialogs:commons:0.8.6.0] AndroidManifest.xml:12:5-20
MERGED from [com.android.support:appcompat-v7:24.0.0] AndroidManifest.xml:25:5-20
MERGED from [com.android.support:support-v4:24.0.0] AndroidManifest.xml:25:5-20
MERGED from [com.android.support:support-vector-drawable:24.0.0] AndroidManifest.xml:23:5-20
MERGED from [com.android.support:support-v4:24.0.0] AndroidManifest.xml:25:5-20
MERGED from [com.android.support:animated-vector-drawable:24.0.0] AndroidManifest.xml:22:5-20
MERGED from [com.android.support:support-vector-drawable:24.0.0] AndroidManifest.xml:23:5-20
MERGED from [com.android.support:support-v4:24.0.0] AndroidManifest.xml:25:5-20
MERGED from [com.github.afollestad.material-dialogs:core:0.8.6.0] AndroidManifest.xml:13:5-20
MERGED from [com.android.support:appcompat-v7:24.0.0] AndroidManifest.xml:25:5-20
MERGED from [com.android.support:support-v4:24.0.0] AndroidManifest.xml:25:5-20
MERGED from [com.android.support:support-vector-drawable:24.0.0] AndroidManifest.xml:23:5-20
MERGED from [com.android.support:support-v4:24.0.0] AndroidManifest.xml:25:5-20
MERGED from [com.android.support:animated-vector-drawable:24.0.0] AndroidManifest.xml:22:5-20
MERGED from [com.android.support:support-vector-drawable:24.0.0] AndroidManifest.xml:23:5-20
MERGED from [com.android.support:support-v4:24.0.0] AndroidManifest.xml:25:5-20
MERGED from [com.android.support:support-v4:24.0.0] AndroidManifest.xml:25:5-20
MERGED from [com.android.support:appcompat-v7:24.0.0] AndroidManifest.xml:25:5-20
MERGED from [com.android.support:support-v4:24.0.0] AndroidManifest.xml:25:5-20
MERGED from [com.android.support:support-vector-drawable:24.0.0] AndroidManifest.xml:23:5-20
MERGED from [com.android.support:support-v4:24.0.0] AndroidManifest.xml:25:5-20
MERGED from [com.android.support:animated-vector-drawable:24.0.0] AndroidManifest.xml:22:5-20
MERGED from [com.android.support:support-vector-drawable:24.0.0] AndroidManifest.xml:23:5-20
MERGED from [com.android.support:support-v4:24.0.0] AndroidManifest.xml:25:5-20
MERGED from [com.android.support:support-v4:24.0.0] AndroidManifest.xml:25:5-20
MERGED from [com.android.support:palette-v7:23.4.0] AndroidManifest.xml:22:5-23:19
MERGED from [com.android.support:support-v4:24.0.0] AndroidManifest.xml:25:5-20
MERGED from [com.android.support:appcompat-v7:24.0.0] AndroidManifest.xml:25:5-20
MERGED from [com.android.support:support-v4:24.0.0] AndroidManifest.xml:25:5-20
MERGED from [com.android.support:support-vector-drawable:24.0.0] AndroidManifest.xml:23:5-20
MERGED from [com.android.support:support-v4:24.0.0] AndroidManifest.xml:25:5-20
MERGED from [com.android.support:animated-vector-drawable:24.0.0] AndroidManifest.xml:22:5-20
MERGED from [com.android.support:support-vector-drawable:24.0.0] AndroidManifest.xml:23:5-20
MERGED from [com.android.support:support-v4:24.0.0] AndroidManifest.xml:25:5-20
MERGED from [com.android.support:support-v4:24.0.0] AndroidManifest.xml:25:5-20
MERGED from [com.android.support:support-v13:23.4.0] AndroidManifest.xml:22:5-20
MERGED from [com.android.support:support-v4:24.0.0] AndroidManifest.xml:25:5-20
MERGED from [com.android.support:design:23.4.0] AndroidManifest.xml:22:5-20
MERGED from [com.android.support:support-v4:24.0.0] AndroidManifest.xml:25:5-20
MERGED from [com.android.support:appcompat-v7:24.0.0] AndroidManifest.xml:25:5-20
MERGED from [com.android.support:support-v4:24.0.0] AndroidManifest.xml:25:5-20
MERGED from [com.android.support:support-vector-drawable:24.0.0] AndroidManifest.xml:23:5-20
MERGED from [com.android.support:support-v4:24.0.0] AndroidManifest.xml:25:5-20
MERGED from [com.android.support:animated-vector-drawable:24.0.0] AndroidManifest.xml:22:5-20
MERGED from [com.android.support:support-vector-drawable:24.0.0] AndroidManifest.xml:23:5-20
MERGED from [com.android.support:support-v4:24.0.0] AndroidManifest.xml:25:5-20
MERGED from [com.android.support:support-v4:24.0.0] AndroidManifest.xml:25:5-20
	android:label
		ADDED from src\main\AndroidManifest.xml:61:9-41
	android:supportsRtl
		ADDED from src\main\AndroidManifest.xml:63:9-35
	tools:ignore
		ADDED from src\main\AndroidManifest.xml:65:9-39
	android:allowBackup
		ADDED from src\main\AndroidManifest.xml:58:9-35
	android:icon
		ADDED from src\main\AndroidManifest.xml:59:9-43
	android:largeHeap
		ADDED from src\main\AndroidManifest.xml:62:9-33
	android:theme
		ADDED from src\main\AndroidManifest.xml:64:9-45
	android:isGame
		ADDED from src\main\AndroidManifest.xml:60:9-31
	android:name
		ADDED from src\main\AndroidManifest.xml:57:9-46
activity#com.acrr.acdisplay.ui.activities.AcDisplayActivity
ADDED from src\main\AndroidManifest.xml:67:9-74:62
	android:screenOrientation
		ADDED from src\main\AndroidManifest.xml:73:13-49
	android:excludeFromRecents
		ADDED from src\main\AndroidManifest.xml:70:13-46
	android:launchMode
		ADDED from src\main\AndroidManifest.xml:72:13-48
	android:exported
		ADDED from src\main\AndroidManifest.xml:71:13-37
	android:configChanges
		ADDED from src\main\AndroidManifest.xml:69:13-74
	android:theme
		ADDED from src\main\AndroidManifest.xml:74:13-59
	android:name
		ADDED from src\main\AndroidManifest.xml:68:13-78
activity#com.acrr.acdisplay.ui.activities.MainActivity
ADDED from src\main\AndroidManifest.xml:76:9-83:20
	android:launchMode
		ADDED from src\main\AndroidManifest.xml:78:13-44
	android:name
		ADDED from src\main\AndroidManifest.xml:77:13-73
intent-filter#android.intent.action.MAIN+android.intent.category.LAUNCHER
ADDED from src\main\AndroidManifest.xml:79:13-82:29
action#android.intent.action.MAIN
ADDED from src\main\AndroidManifest.xml:80:17-69
	android:name
		ADDED from src\main\AndroidManifest.xml:80:25-66
category#android.intent.category.LAUNCHER
ADDED from src\main\AndroidManifest.xml:81:17-77
	android:name
		ADDED from src\main\AndroidManifest.xml:81:27-74
activity#com.acrr.acdisplay.ui.activities.IntroActivity
ADDED from src\main\AndroidManifest.xml:85:9-88:63
	android:launchMode
		ADDED from src\main\AndroidManifest.xml:87:13-44
	android:theme
		ADDED from src\main\AndroidManifest.xml:88:13-60
	android:name
		ADDED from src\main\AndroidManifest.xml:86:13-74
activity#com.acrr.acdisplay.ui.activities.settings.Settings2
ADDED from src\main\AndroidManifest.xml:90:9-96:62
	android:label
		ADDED from src\main\AndroidManifest.xml:92:13-45
	android:parentActivityName
		ADDED from src\main\AndroidManifest.xml:94:13-87
	android:launchMode
		ADDED from src\main\AndroidManifest.xml:93:13-44
	android:theme
		ADDED from src\main\AndroidManifest.xml:96:13-59
	android:taskAffinity
		ADDED from src\main\AndroidManifest.xml:95:13-45
	android:name
		ADDED from src\main\AndroidManifest.xml:91:13-79
activity#com.acrr.base.ui.activities.SubSettings
ADDED from src\main\AndroidManifest.xml:98:9-102:48
	android:parentActivityName
		ADDED from src\main\AndroidManifest.xml:101:13-93
	android:configChanges
		ADDED from src\main\AndroidManifest.xml:100:13-74
	android:taskAffinity
		ADDED from src\main\AndroidManifest.xml:102:13-45
	android:name
		ADDED from src\main\AndroidManifest.xml:99:13-67
activity#com.acrr.acdisplay.ui.activities.settings.WidgetPickerActivity
ADDED from src\main\AndroidManifest.xml:104:9-109:65
	android:label
		ADDED from src\main\AndroidManifest.xml:106:13-65
	android:parentActivityName
		ADDED from src\main\AndroidManifest.xml:107:13-93
	android:theme
		ADDED from src\main\AndroidManifest.xml:109:13-62
	android:taskAffinity
		ADDED from src\main\AndroidManifest.xml:108:13-45
	android:name
		ADDED from src\main\AndroidManifest.xml:105:13-90
activity#com.acrr.acdisplay.ui.activities.settings.SettingsProximitySensorActivity
ADDED from src\main\AndroidManifest.xml:111:9-115:48
	android:label
		ADDED from src\main\AndroidManifest.xml:113:13-68
	android:parentActivityName
		ADDED from src\main\AndroidManifest.xml:114:13-93
	android:taskAffinity
		ADDED from src\main\AndroidManifest.xml:115:13-45
	android:name
		ADDED from src\main\AndroidManifest.xml:112:13-101
activity#com.acrr.acdisplay.ui.activities.settings.BlacklistActivity
ADDED from src\main\AndroidManifest.xml:117:9-123:57
	android:label
		ADDED from src\main\AndroidManifest.xml:119:13-46
	android:parentActivityName
		ADDED from src\main\AndroidManifest.xml:121:13-93
	android:launchMode
		ADDED from src\main\AndroidManifest.xml:120:13-44
	android:theme
		ADDED from src\main\AndroidManifest.xml:123:13-54
	android:taskAffinity
		ADDED from src\main\AndroidManifest.xml:122:13-45
	android:name
		ADDED from src\main\AndroidManifest.xml:118:13-87
activity#com.acrr.acdisplay.ui.activities.settings.SubBlacklistActivity
ADDED from src\main\AndroidManifest.xml:125:9-131:57
	android:label
		ADDED from src\main\AndroidManifest.xml:128:13-57
	android:parentActivityName
		ADDED from src\main\AndroidManifest.xml:129:13-101
	android:configChanges
		ADDED from src\main\AndroidManifest.xml:127:13-74
	android:theme
		ADDED from src\main\AndroidManifest.xml:131:13-54
	android:taskAffinity
		ADDED from src\main\AndroidManifest.xml:130:13-45
	android:name
		ADDED from src\main\AndroidManifest.xml:126:13-90
activity#com.acrr.acdisplay.ui.activities.tests.ShakeTestActivity
ADDED from src\main\AndroidManifest.xml:133:9-138:68
	android:parentActivityName
		ADDED from src\main\AndroidManifest.xml:136:13-93
	android:launchMode
		ADDED from src\main\AndroidManifest.xml:135:13-44
	android:theme
		ADDED from src\main\AndroidManifest.xml:138:13-65
	android:taskAffinity
		ADDED from src\main\AndroidManifest.xml:137:13-45
	android:name
		ADDED from src\main\AndroidManifest.xml:134:13-84
activity#com.acrr.acdisplay.ui.activities.tests.IdleExitTestActivity
ADDED from src\main\AndroidManifest.xml:140:9-145:68
	android:parentActivityName
		ADDED from src\main\AndroidManifest.xml:143:13-93
	android:launchMode
		ADDED from src\main\AndroidManifest.xml:142:13-44
	android:theme
		ADDED from src\main\AndroidManifest.xml:145:13-65
	android:taskAffinity
		ADDED from src\main\AndroidManifest.xml:144:13-45
	android:name
		ADDED from src\main\AndroidManifest.xml:141:13-87
activity#com.google.android.gms.ads.AdActivity
ADDED from src\main\AndroidManifest.xml:147:9-149:64
MERGED from [com.google.android.gms:play-services-ads:8.4.0] AndroidManifest.xml:26:9-29:64
	android:configChanges
		ADDED from src\main\AndroidManifest.xml:148:13-122
	android:theme
		ADDED from src\main\AndroidManifest.xml:149:13-61
	android:name
		ADDED from src\main\AndroidManifest.xml:147:19-71
service#com.acrr.acdisplay.services.MediaService
ADDED from src\main\AndroidManifest.xml:153:9-160:19
	android:permission
		ADDED from src\main\AndroidManifest.xml:155:13-87
	android:name
		ADDED from src\main\AndroidManifest.xml:154:13-68
intent-filter#android.service.notification.NotificationListenerService+com.acrr.acdisplay.BIND_MEDIA_CONTROL_SERVICE
ADDED from src\main\AndroidManifest.xml:156:13-159:29
action#android.service.notification.NotificationListenerService
ADDED from src\main\AndroidManifest.xml:157:17-99
	android:name
		ADDED from src\main\AndroidManifest.xml:157:25-96
action#com.acrr.acdisplay.BIND_MEDIA_CONTROL_SERVICE
ADDED from src\main\AndroidManifest.xml:158:17-88
	android:name
		ADDED from src\main\AndroidManifest.xml:158:25-85
service#com.acrr.acdisplay.services.AccessibilityService
ADDED from src\main\AndroidManifest.xml:162:9-176:19
	android:permission
		ADDED from src\main\AndroidManifest.xml:164:13-79
	android:name
		ADDED from src\main\AndroidManifest.xml:163:13-76
intent-filter#android.accessibilityservice.AccessibilityService
ADDED from src\main\AndroidManifest.xml:165:13-167:29
action#android.accessibilityservice.AccessibilityService
ADDED from src\main\AndroidManifest.xml:166:17-92
	android:name
		ADDED from src\main\AndroidManifest.xml:166:25-89
meta-data#com.google.android.gms.version
ADDED from src\main\AndroidManifest.xml:170:13-171:73
	android:value
		ADDED from src\main\AndroidManifest.xml:171:17-70
	android:name
		ADDED from src\main\AndroidManifest.xml:170:24-69
meta-data#android.accessibilityservice
ADDED from src\main\AndroidManifest.xml:173:13-175:71
	android:resource
		ADDED from src\main\AndroidManifest.xml:175:17-68
	android:name
		ADDED from src\main\AndroidManifest.xml:174:17-60
service#com.acrr.acdisplay.services.BathService
ADDED from src\main\AndroidManifest.xml:179:9-181:52
	android:label
		ADDED from src\main\AndroidManifest.xml:181:13-49
	android:name
		ADDED from src\main\AndroidManifest.xml:180:13-67
activity#com.acrr.acdisplay.receiver.LocalReceiverActivity
ADDED from src\main\AndroidManifest.xml:186:9-197:20
	android:excludeFromRecents
		ADDED from src\main\AndroidManifest.xml:188:13-46
	android:launchMode
		ADDED from src\main\AndroidManifest.xml:190:13-48
	android:exported
		ADDED from src\main\AndroidManifest.xml:189:13-37
	android:theme
		ADDED from src\main\AndroidManifest.xml:191:13-59
	android:name
		ADDED from src\main\AndroidManifest.xml:187:13-77
intent-filter#android.intent.action.VIEW+android.intent.category.DEFAULT
ADDED from src\main\AndroidManifest.xml:192:13-196:29
action#android.intent.action.VIEW
ADDED from src\main\AndroidManifest.xml:193:17-69
	android:name
		ADDED from src\main\AndroidManifest.xml:193:25-66
category#android.intent.category.DEFAULT
ADDED from src\main\AndroidManifest.xml:194:17-76
	android:name
		ADDED from src\main\AndroidManifest.xml:194:27-73
data
ADDED from src\main\AndroidManifest.xml:195:17-52
	android:scheme
		ADDED from src\main\AndroidManifest.xml:195:23-49
receiver#com.acrr.acdisplay.receiver.ReceiverSystem
ADDED from src\main\AndroidManifest.xml:200:9-206:20
	android:name
		ADDED from src\main\AndroidManifest.xml:200:19-76
intent-filter#android.intent.action.ACTION_POWER_CONNECTED+android.intent.action.ACTION_POWER_DISCONNECTED+android.intent.action.BOOT_COMPLETED
ADDED from src\main\AndroidManifest.xml:201:13-205:29
action#android.intent.action.ACTION_POWER_CONNECTED
ADDED from src\main\AndroidManifest.xml:202:17-87
	android:name
		ADDED from src\main\AndroidManifest.xml:202:25-84
action#android.intent.action.ACTION_POWER_DISCONNECTED
ADDED from src\main\AndroidManifest.xml:203:17-90
	android:name
		ADDED from src\main\AndroidManifest.xml:203:25-87
action#android.intent.action.BOOT_COMPLETED
ADDED from src\main\AndroidManifest.xml:204:17-79
	android:name
		ADDED from src\main\AndroidManifest.xml:204:25-76
receiver#com.acrr.acdisplay.receiver.AdminReceiver
ADDED from src\main\AndroidManifest.xml:209:9-220:20
	android:label
		ADDED from src\main\AndroidManifest.xml:212:13-67
	android:permission
		ADDED from src\main\AndroidManifest.xml:213:13-70
	android:description
		ADDED from src\main\AndroidManifest.xml:211:13-79
	android:name
		ADDED from src\main\AndroidManifest.xml:210:13-69
meta-data#android.app.device_admin
ADDED from src\main\AndroidManifest.xml:214:13-216:63
	android:resource
		ADDED from src\main\AndroidManifest.xml:216:17-60
	android:name
		ADDED from src\main\AndroidManifest.xml:215:17-56
intent-filter#android.app.action.DEVICE_ADMIN_ENABLED
ADDED from src\main\AndroidManifest.xml:217:13-219:29
action#android.app.action.DEVICE_ADMIN_ENABLED
ADDED from src\main\AndroidManifest.xml:218:17-82
	android:name
		ADDED from src\main\AndroidManifest.xml:218:25-79
receiver#com.acrr.acdisplay.providers.ToggleWidgetProvider
ADDED from src\main\AndroidManifest.xml:223:9-234:20
	android:name
		ADDED from src\main\AndroidManifest.xml:223:19-83
intent-filter#android.appwidget.action.APPWIDGET_DELETED+android.appwidget.action.APPWIDGET_DISABLED+android.appwidget.action.APPWIDGET_ENABLED+android.appwidget.action.APPWIDGET_UPDATE
ADDED from src\main\AndroidManifest.xml:224:13-229:29
action#android.appwidget.action.APPWIDGET_ENABLED
ADDED from src\main\AndroidManifest.xml:225:17-85
	android:name
		ADDED from src\main\AndroidManifest.xml:225:25-82
action#android.appwidget.action.APPWIDGET_DISABLED
ADDED from src\main\AndroidManifest.xml:226:17-86
	android:name
		ADDED from src\main\AndroidManifest.xml:226:25-83
action#android.appwidget.action.APPWIDGET_UPDATE
ADDED from src\main\AndroidManifest.xml:227:17-84
	android:name
		ADDED from src\main\AndroidManifest.xml:227:25-81
action#android.appwidget.action.APPWIDGET_DELETED
ADDED from src\main\AndroidManifest.xml:228:17-85
	android:name
		ADDED from src\main\AndroidManifest.xml:228:25-82
meta-data#android.appwidget.provider
ADDED from src\main\AndroidManifest.xml:231:13-233:74
	android:resource
		ADDED from src\main\AndroidManifest.xml:233:17-71
	android:name
		ADDED from src\main\AndroidManifest.xml:232:17-58
provider#com.acrr.acdisplay.providers.LogAttachmentProvider
ADDED from src\main\AndroidManifest.xml:237:9-241:54
	android:authorities
		ADDED from src\main\AndroidManifest.xml:239:13-58
	android:exported
		ADDED from src\main\AndroidManifest.xml:240:13-36
	tools:ignore
		ADDED from src\main\AndroidManifest.xml:241:13-51
	android:name
		ADDED from src\main\AndroidManifest.xml:238:13-78
receiver#com.acrr.acdisplay.receiver.ReceiverPublic
ADDED from src\main\AndroidManifest.xml:247:9-260:20
	android:exported
		ADDED from src\main\AndroidManifest.xml:249:13-36
	tools:ignore
		ADDED from src\main\AndroidManifest.xml:250:13-44
	android:name
		ADDED from src\main\AndroidManifest.xml:248:13-70
intent-filter#com.acrr.acdisplay.ACTIVE_MODE_DISABLE+com.acrr.acdisplay.ACTIVE_MODE_ENABLE+com.acrr.acdisplay.ACTIVE_MODE_TOGGLE+com.acrr.acdisplay.DISABLE+com.acrr.acdisplay.ENABLE+com.acrr.acdisplay.TOGGLE
ADDED from src\main\AndroidManifest.xml:251:13-259:29
action#com.acrr.acdisplay.ENABLE
ADDED from src\main\AndroidManifest.xml:252:17-68
	android:name
		ADDED from src\main\AndroidManifest.xml:252:25-65
action#com.acrr.acdisplay.DISABLE
ADDED from src\main\AndroidManifest.xml:253:17-69
	android:name
		ADDED from src\main\AndroidManifest.xml:253:25-66
action#com.acrr.acdisplay.TOGGLE
ADDED from src\main\AndroidManifest.xml:254:17-68
	android:name
		ADDED from src\main\AndroidManifest.xml:254:25-65
action#com.acrr.acdisplay.ACTIVE_MODE_ENABLE
ADDED from src\main\AndroidManifest.xml:256:17-80
	android:name
		ADDED from src\main\AndroidManifest.xml:256:25-77
action#com.acrr.acdisplay.ACTIVE_MODE_DISABLE
ADDED from src\main\AndroidManifest.xml:257:17-81
	android:name
		ADDED from src\main\AndroidManifest.xml:257:25-78
action#com.acrr.acdisplay.ACTIVE_MODE_TOGGLE
ADDED from src\main\AndroidManifest.xml:258:17-80
	android:name
		ADDED from src\main\AndroidManifest.xml:258:25-77
receiver#com.acrr.acdisplay.plugins.powertoggles.ToggleReceiver
ADDED from src\main\AndroidManifest.xml:270:9-279:20
	android:label
		ADDED from src\main\AndroidManifest.xml:274:13-45
	android:exported
		ADDED from src\main\AndroidManifest.xml:272:13-36
	android:permission
		ADDED from src\main\AndroidManifest.xml:275:13-75
	android:icon
		ADDED from src\main\AndroidManifest.xml:273:13-57
	android:name
		ADDED from src\main\AndroidManifest.xml:271:13-82
intent-filter#com.painless.pc.ACTION_SET_STATE
ADDED from src\main\AndroidManifest.xml:276:13-278:29
action#com.painless.pc.ACTION_SET_STATE
ADDED from src\main\AndroidManifest.xml:277:17-75
	android:name
		ADDED from src\main\AndroidManifest.xml:277:25-72
meta-data#xposedmodule
ADDED from src\main\AndroidManifest.xml:285:9-287:36
	android:value
		ADDED from src\main\AndroidManifest.xml:287:13-33
	android:name
		ADDED from src\main\AndroidManifest.xml:286:13-40
meta-data#xposedminversion
ADDED from src\main\AndroidManifest.xml:288:9-290:36
	android:value
		ADDED from src\main\AndroidManifest.xml:290:13-33
	android:name
		ADDED from src\main\AndroidManifest.xml:289:13-44
meta-data#xposeddescription
ADDED from src\main\AndroidManifest.xml:291:9-293:65
	android:value
		ADDED from src\main\AndroidManifest.xml:293:13-62
	android:name
		ADDED from src\main\AndroidManifest.xml:292:13-45
uses-sdk
INJECTED from src\main\AndroidManifest.xml reason: use-sdk injection requested
MERGED from [com.github.paolorotolo:appintro:4.0.0] AndroidManifest.xml:7:5-9:41
MERGED from [com.android.support:support-v4:24.0.0] AndroidManifest.xml:21:5-23:54
MERGED from [com.android.support:appcompat-v7:24.0.0] AndroidManifest.xml:21:5-23:78
MERGED from [com.android.support:support-v4:24.0.0] AndroidManifest.xml:21:5-23:54
MERGED from [com.android.support:support-vector-drawable:24.0.0] AndroidManifest.xml:21:5-43
MERGED from [com.android.support:support-v4:24.0.0] AndroidManifest.xml:21:5-23:54
MERGED from [com.android.support:animated-vector-drawable:24.0.0] AndroidManifest.xml:20:5-44
MERGED from [com.android.support:support-vector-drawable:24.0.0] AndroidManifest.xml:21:5-43
MERGED from [com.android.support:support-v4:24.0.0] AndroidManifest.xml:21:5-23:54
MERGED from [com.melnykov:floatingactionbutton:1.3.0] AndroidManifest.xml:8:5-10:41
MERGED from [com.android.support:recyclerview-v7:24.0.0] AndroidManifest.xml:20:5-43
MERGED from [com.android.support:support-v4:24.0.0] AndroidManifest.xml:21:5-23:54
MERGED from [com.larswerkman:HoloColorPicker:1.4] AndroidManifest.xml:3:5-72
MERGED from [me.grantland:autofittextview:0.2.1] AndroidManifest.xml:7:5-9:41
MERGED from [com.google.android.gms:play-services-ads:8.4.0] AndroidManifest.xml:23:5-42
MERGED from [com.google.android.gms:play-services-basement:8.4.0] AndroidManifest.xml:18:5-42
MERGED from [com.android.support:support-v4:24.0.0] AndroidManifest.xml:21:5-23:54
MERGED from [org.solovyev.android:checkout:0.7.5] AndroidManifest.xml:28:5-30:41
MERGED from [com.github.afollestad.material-dialogs:core:0.8.6.0] AndroidManifest.xml:8:5-11:75
MERGED from [com.android.support:appcompat-v7:24.0.0] AndroidManifest.xml:21:5-23:78
MERGED from [com.android.support:support-v4:24.0.0] AndroidManifest.xml:21:5-23:54
MERGED from [com.android.support:support-vector-drawable:24.0.0] AndroidManifest.xml:21:5-43
MERGED from [com.android.support:support-v4:24.0.0] AndroidManifest.xml:21:5-23:54
MERGED from [com.android.support:animated-vector-drawable:24.0.0] AndroidManifest.xml:20:5-44
MERGED from [com.android.support:support-vector-drawable:24.0.0] AndroidManifest.xml:21:5-43
MERGED from [com.android.support:support-v4:24.0.0] AndroidManifest.xml:21:5-23:54
MERGED from [com.android.support:support-v4:24.0.0] AndroidManifest.xml:21:5-23:54
MERGED from [me.zhanghai.android.materialprogressbar:library:1.1.6] AndroidManifest.xml:12:5-14:41
MERGED from [com.android.support:appcompat-v7:24.0.0] AndroidManifest.xml:21:5-23:78
MERGED from [com.android.support:support-v4:24.0.0] AndroidManifest.xml:21:5-23:54
MERGED from [com.android.support:support-vector-drawable:24.0.0] AndroidManifest.xml:21:5-43
MERGED from [com.android.support:support-v4:24.0.0] AndroidManifest.xml:21:5-23:54
MERGED from [com.android.support:animated-vector-drawable:24.0.0] AndroidManifest.xml:20:5-44
MERGED from [com.android.support:support-vector-drawable:24.0.0] AndroidManifest.xml:21:5-43
MERGED from [com.android.support:support-v4:24.0.0] AndroidManifest.xml:21:5-23:54
MERGED from [com.android.support:recyclerview-v7:24.0.0] AndroidManifest.xml:20:5-43
MERGED from [com.android.support:support-v4:24.0.0] AndroidManifest.xml:21:5-23:54
MERGED from [com.github.afollestad.material-dialogs:commons:0.8.6.0] AndroidManifest.xml:8:5-10:41
MERGED from [com.android.support:appcompat-v7:24.0.0] AndroidManifest.xml:21:5-23:78
MERGED from [com.android.support:support-v4:24.0.0] AndroidManifest.xml:21:5-23:54
MERGED from [com.android.support:support-vector-drawable:24.0.0] AndroidManifest.xml:21:5-43
MERGED from [com.android.support:support-v4:24.0.0] AndroidManifest.xml:21:5-23:54